This is pdfTeX, Version 3.1415926-2.4-1.40.13 (TeX Live 2012/Debian) (format=pdflatex 2013.4.25)  10 DEC 2014 15:51
entering extended mode
 restricted \write18 enabled.
 %&-line parsing enabled.
**update12112014.tex
(./update12112014.tex
LaTeX2e <2011/06/27>
Babel <v3.8m> and hyphenation patterns for english, dumylang, nohyphenation, lo
aded.
(/usr/share/texlive/texmf-dist/tex/latex/base/article.cls
Document Class: article 2007/10/19 v1.4h Standard LaTeX document class
(/usr/share/texlive/texmf-dist/tex/latex/base/size11.clo
File: size11.clo 2007/10/19 v1.4h Standard LaTeX file (size option)
)
\c@part=\count79
\c@section=\count80
\c@subsection=\count81
\c@subsubsection=\count82
\c@paragraph=\count83
\c@subparagraph=\count84
\c@figure=\count85
\c@table=\count86
\abovecaptionskip=\skip41
\belowcaptionskip=\skip42
\bibindent=\dimen102
) (./matt.sty
Package: matt 

(/usr/share/texlive/texmf-dist/tex/latex/amsmath/amsmath.sty
Package: amsmath 2000/07/18 v2.13 AMS math features
\@mathmargin=\skip43

For additional information on amsmath, use the `?' option.
(/usr/share/texlive/texmf-dist/tex/latex/amsmath/amstext.sty
Package: amstext 2000/06/29 v2.01

(/usr/share/texlive/texmf-dist/tex/latex/amsmath/amsgen.sty
File: amsgen.sty 1999/11/30 v2.0
\@emptytoks=\toks14
\ex@=\dimen103
))
(/usr/share/texlive/texmf-dist/tex/latex/amsmath/amsbsy.sty
Package: amsbsy 1999/11/29 v1.2d
\pmbraise@=\dimen104
)
(/usr/share/texlive/texmf-dist/tex/latex/amsmath/amsopn.sty
Package: amsopn 1999/12/14 v2.01 operator names
)
\inf@bad=\count87
LaTeX Info: Redefining \frac on input line 211.
\uproot@=\count88
\leftroot@=\count89
LaTeX Info: Redefining \overline on input line 307.
\classnum@=\count90
\DOTSCASE@=\count91
LaTeX Info: Redefining \ldots on input line 379.
LaTeX Info: Redefining \dots on input line 382.
LaTeX Info: Redefining \cdots on input line 467.
\Mathstrutbox@=\box26
\strutbox@=\box27
\big@size=\dimen105
LaTeX Font Info:    Redeclaring font encoding OML on input line 567.
LaTeX Font Info:    Redeclaring font encoding OMS on input line 568.
\macc@depth=\count92
\c@MaxMatrixCols=\count93
\dotsspace@=\muskip10
\c@parentequation=\count94
\dspbrk@lvl=\count95
\tag@help=\toks15
\row@=\count96
\column@=\count97
\maxfields@=\count98
\andhelp@=\toks16
\eqnshift@=\dimen106
\alignsep@=\dimen107
\tagshift@=\dimen108
\tagwidth@=\dimen109
\totwidth@=\dimen110
\lineht@=\dimen111
\@envbody=\toks17
\multlinegap=\skip44
\multlinetaggap=\skip45
\mathdisplay@stack=\toks18
LaTeX Info: Redefining \[ on input line 2666.
LaTeX Info: Redefining \] on input line 2667.
)
(/usr/share/texlive/texmf-dist/tex/latex/amsfonts/amssymb.sty
Package: amssymb 2009/06/22 v3.00

(/usr/share/texlive/texmf-dist/tex/latex/amsfonts/amsfonts.sty
Package: amsfonts 2009/06/22 v3.00 Basic AMSFonts support
\symAMSa=\mathgroup4
\symAMSb=\mathgroup5
LaTeX Font Info:    Overwriting math alphabet `\mathfrak' in version `bold'
(Font)                  U/euf/m/n --> U/euf/b/n on input line 96.
))
(/usr/share/texlive/texmf-dist/tex/latex/preprint/fullpage.sty
Package: fullpage 1999/02/23 1.1 (PWD)
\FP@margin=\skip46
)
(/usr/share/texlive/texmf-dist/tex/latex/graphics/graphicx.sty
Package: graphicx 1999/02/16 v1.0f Enhanced LaTeX Graphics (DPC,SPQR)

(/usr/share/texlive/texmf-dist/tex/latex/graphics/keyval.sty
Package: keyval 1999/03/16 v1.13 key=value parser (DPC)
\KV@toks@=\toks19
)
(/usr/share/texlive/texmf-dist/tex/latex/graphics/graphics.sty
Package: graphics 2009/02/05 v1.0o Standard LaTeX Graphics (DPC,SPQR)

(/usr/share/texlive/texmf-dist/tex/latex/graphics/trig.sty
Package: trig 1999/03/16 v1.09 sin cos tan (DPC)
)
(/usr/share/texlive/texmf-dist/tex/latex/latexconfig/graphics.cfg
File: graphics.cfg 2010/04/23 v1.9 graphics configuration of TeX Live
)
Package graphics Info: Driver file: pdftex.def on input line 91.

(/usr/share/texlive/texmf-dist/tex/latex/pdftex-def/pdftex.def
File: pdftex.def 2011/05/27 v0.06d Graphics/color for pdfTeX

(/usr/share/texlive/texmf-dist/tex/generic/oberdiek/infwarerr.sty
Package: infwarerr 2010/04/08 v1.3 Providing info/warning/error messages (HO)
)
(/usr/share/texlive/texmf-dist/tex/generic/oberdiek/ltxcmds.sty
Package: ltxcmds 2011/11/09 v1.22 LaTeX kernel commands for general use (HO)
)
\Gread@gobject=\count99
))
\Gin@req@height=\dimen112
\Gin@req@width=\dimen113
)
(/usr/share/texlive/texmf-dist/tex/latex/tools/enumerate.sty
Package: enumerate 1999/03/05 v3.00 enumerate extensions (DPC)
\@enLab=\toks20
)
(/usr/share/texlive/texmf-dist/tex/latex/hyperref/hyperref.sty
Package: hyperref 2012/05/13 v6.82q Hypertext links for LaTeX

(/usr/share/texlive/texmf-dist/tex/generic/oberdiek/hobsub-hyperref.sty
Package: hobsub-hyperref 2012/05/28 v1.13 Bundle oberdiek, subset hyperref (HO)


(/usr/share/texlive/texmf-dist/tex/generic/oberdiek/hobsub-generic.sty
Package: hobsub-generic 2012/05/28 v1.13 Bundle oberdiek, subset generic (HO)
Package: hobsub 2012/05/28 v1.13 Construct package bundles (HO)
Package hobsub Info: Skipping package `infwarerr' (already loaded).
Package hobsub Info: Skipping package `ltxcmds' (already loaded).
Package: ifluatex 2010/03/01 v1.3 Provides the ifluatex switch (HO)
Package ifluatex Info: LuaTeX not detected.
Package: ifvtex 2010/03/01 v1.5 Detect VTeX and its facilities (HO)
Package ifvtex Info: VTeX not detected.
Package: intcalc 2007/09/27 v1.1 Expandable calculations with integers (HO)
Package: ifpdf 2011/01/30 v2.3 Provides the ifpdf switch (HO)
Package ifpdf Info: pdfTeX in PDF mode is detected.
Package: etexcmds 2011/02/16 v1.5 Avoid name clashes with e-TeX commands (HO)
Package etexcmds Info: Could not find \expanded.
(etexcmds)             That can mean that you are not using pdfTeX 1.50 or
(etexcmds)             that some package has redefined \expanded.
(etexcmds)             In the latter case, load this package earlier.
Package: kvsetkeys 2012/04/25 v1.16 Key value parser (HO)
Package: kvdefinekeys 2011/04/07 v1.3 Define keys (HO)
Package: pdftexcmds 2011/11/29 v0.20 Utility functions of pdfTeX for LuaTeX (HO
)
Package pdftexcmds Info: LuaTeX not detected.
Package pdftexcmds Info: \pdf@primitive is available.
Package pdftexcmds Info: \pdf@ifprimitive is available.
Package pdftexcmds Info: \pdfdraftmode found.
Package: pdfescape 2011/11/25 v1.13 Implements pdfTeX's escape features (HO)
Package: bigintcalc 2012/04/08 v1.3 Expandable calculations on big integers (HO
)
Package: bitset 2011/01/30 v1.1 Handle bit-vector datatype (HO)
Package: uniquecounter 2011/01/30 v1.2 Provide unlimited unique counter (HO)
)
Package hobsub Info: Skipping package `hobsub' (already loaded).
Package: letltxmacro 2010/09/02 v1.4 Let assignment for LaTeX macros (HO)
Package: hopatch 2012/05/28 v1.2 Wrapper for package hooks (HO)
Package: xcolor-patch 2011/01/30 xcolor patch
Package: atveryend 2011/06/30 v1.8 Hooks at the very end of document (HO)
Package atveryend Info: \enddocument detected (standard20110627).
Package: atbegshi 2011/10/05 v1.16 At begin shipout hook (HO)
Package: refcount 2011/10/16 v3.4 Data extraction from label references (HO)
Package: hycolor 2011/01/30 v1.7 Color options for hyperref/bookmark (HO)
)
(/usr/share/texlive/texmf-dist/tex/generic/ifxetex/ifxetex.sty
Package: ifxetex 2010/09/12 v0.6 Provides ifxetex conditional
)
(/usr/share/texlive/texmf-dist/tex/latex/oberdiek/kvoptions.sty
Package: kvoptions 2011/06/30 v3.11 Key value format for package options (HO)
)
\@linkdim=\dimen114
\Hy@linkcounter=\count100
\Hy@pagecounter=\count101

(/usr/share/texlive/texmf-dist/tex/latex/hyperref/pd1enc.def
File: pd1enc.def 2012/05/13 v6.82q Hyperref: PDFDocEncoding definition (HO)
)
\Hy@SavedSpaceFactor=\count102

(/usr/share/texlive/texmf-dist/tex/latex/latexconfig/hyperref.cfg
File: hyperref.cfg 2002/06/06 v1.2 hyperref configuration of TeXLive
)
Package hyperref Info: Hyper figures OFF on input line 4062.
Package hyperref Info: Link nesting OFF on input line 4067.
Package hyperref Info: Hyper index ON on input line 4070.
Package hyperref Info: Plain pages OFF on input line 4077.
Package hyperref Info: Backreferencing OFF on input line 4082.
Package hyperref Info: Implicit mode ON; LaTeX internals redefined.
Package hyperref Info: Bookmarks ON on input line 4300.
\c@Hy@tempcnt=\count103

(/usr/share/texlive/texmf-dist/tex/latex/url/url.sty
\Urlmuskip=\muskip11
Package: url 2006/04/12  ver 3.3  Verb mode for urls, etc.
)
LaTeX Info: Redefining \url on input line 4653.
\Fld@menulength=\count104
\Field@Width=\dimen115
\Fld@charsize=\dimen116
Package hyperref Info: Hyper figures OFF on input line 5773.
Package hyperref Info: Link nesting OFF on input line 5778.
Package hyperref Info: Hyper index ON on input line 5781.
Package hyperref Info: backreferencing OFF on input line 5788.
Package hyperref Info: Link coloring OFF on input line 5793.
Package hyperref Info: Link coloring with OCG OFF on input line 5798.
Package hyperref Info: PDF/A mode OFF on input line 5803.
LaTeX Info: Redefining \ref on input line 5843.
LaTeX Info: Redefining \pageref on input line 5847.
\Hy@abspage=\count105
\c@Item=\count106
\c@Hfootnote=\count107
)

Package hyperref Message: Driver (autodetected): hpdftex.

(/usr/share/texlive/texmf-dist/tex/latex/hyperref/hpdftex.def
File: hpdftex.def 2012/05/13 v6.82q Hyperref driver for pdfTeX
\Fld@listcount=\count108
\c@bookmark@seq@number=\count109

(/usr/share/texlive/texmf-dist/tex/latex/oberdiek/rerunfilecheck.sty
Package: rerunfilecheck 2011/04/15 v1.7 Rerun checks for auxiliary files (HO)
Package uniquecounter Info: New unique counter `rerunfilecheck' on input line 2
82.
)
\Hy@SectionHShift=\skip47
)
Package hyperref Info: Option `colorlinks' set `true' on input line 3.


Package hyperref Warning: Option `pdftex' has already been used,
(hyperref)                setting the option has no effect on input line 3.

) (/usr/share/texlive/texmf-dist/tex/latex/adjustbox/adjustbox.sty
Package: adjustbox 2012/05/21 v1.0 Adjusting TeX boxes (trim, clip, ...)

(/usr/share/texlive/texmf-dist/tex/latex/xkeyval/xkeyval.sty
Package: xkeyval 2008/08/13 v2.6a package option processing (HA)

(/usr/share/texlive/texmf-dist/tex/generic/xkeyval/xkeyval.tex
\XKV@toks=\toks21
\XKV@tempa@toks=\toks22
\XKV@depth=\count110
File: xkeyval.tex 2008/08/13 v2.6a key=value parser (HA)
))
(/usr/share/texlive/texmf-dist/tex/latex/adjustbox/adjcalc.sty
Package: adjcalc 2012/05/16 v1.1 Provides advanced setlength with multiple back
-ends (calc, etex, pgfmath)
)
(/usr/share/texlive/texmf-dist/tex/latex/adjustbox/trimclip.sty
Package: trimclip 2012/05/16 v1.0 Trim and clip general TeX material

(/usr/share/texlive/texmf-dist/tex/latex/collectbox/collectbox.sty
Package: collectbox 2012/05/17 v0.4b Collect macro arguments as boxes
\collectedbox=\box28
)
\tc@llx=\dimen117
\tc@lly=\dimen118
\tc@urx=\dimen119
\tc@ury=\dimen120
Package trimclip Info: Using driver 'tc-pdftex.def'.

(/usr/share/texlive/texmf-dist/tex/latex/adjustbox/tc-pdftex.def
File: tc-pdftex.def 2012/05/13 v1.0 Clipping driver for pdftex
))
\adjbox@Width=\dimen121
\adjbox@Height=\dimen122
\adjbox@Depth=\dimen123
\adjbox@Totalheight=\dimen124

(/usr/share/texlive/texmf-dist/tex/latex/ifoddpage/ifoddpage.sty
Package: ifoddpage 2011/09/13 v1.0 Conditionals for odd/even page detection
\c@checkoddpage=\count111
)
(/usr/share/texlive/texmf-dist/tex/latex/varwidth/varwidth.sty
Package: varwidth 2009/03/30 ver 0.92;  Variable-width minipages
\@vwid@box=\box29
\sift@deathcycles=\count112
\@vwid@loff=\dimen125
\@vwid@roff=\dimen126
))
(./update12112014.aux

LaTeX Warning: Label `fig:todo' multiply defined.


LaTeX Warning: Label `fig:todo' multiply defined.


LaTeX Warning: Label `fig:todo' multiply defined.


LaTeX Warning: Label `fig:todo' multiply defined.

)
\openout1 = `update12112014.aux'.

LaTeX Font Info:    Checking defaults for OML/cmm/m/it on input line 4.
LaTeX Font Info:    ... okay on input line 4.
LaTeX Font Info:    Checking defaults for T1/cmr/m/n on input line 4.
LaTeX Font Info:    ... okay on input line 4.
LaTeX Font Info:    Checking defaults for OT1/cmr/m/n on input line 4.
LaTeX Font Info:    ... okay on input line 4.
LaTeX Font Info:    Checking defaults for OMS/cmsy/m/n on input line 4.
LaTeX Font Info:    ... okay on input line 4.
LaTeX Font Info:    Checking defaults for OMX/cmex/m/n on input line 4.
LaTeX Font Info:    ... okay on input line 4.
LaTeX Font Info:    Checking defaults for U/cmr/m/n on input line 4.
LaTeX Font Info:    ... okay on input line 4.
LaTeX Font Info:    Checking defaults for PD1/pdf/m/n on input line 4.
LaTeX Font Info:    ... okay on input line 4.
 (/usr/share/texlive/texmf-dist/tex/context/base/supp-pdf.mkii
[Loading MPS to PDF converter (version 2006.09.02).]
\scratchcounter=\count113
\scratchdimen=\dimen127
\scratchbox=\box30
\nofMPsegments=\count114
\nofMParguments=\count115
\everyMPshowfont=\toks23
\MPscratchCnt=\count116
\MPscratchDim=\dimen128
\MPnumerator=\count117
\makeMPintoPDFobject=\count118
\everyMPtoPDFconversion=\toks24
) (/usr/share/texlive/texmf-dist/tex/latex/oberdiek/epstopdf-base.sty
Package: epstopdf-base 2010/02/09 v2.5 Base part for package epstopdf

(/usr/share/texlive/texmf-dist/tex/latex/oberdiek/grfext.sty
Package: grfext 2010/08/19 v1.1 Manage graphics extensions (HO)
)
Package grfext Info: Graphics extension search list:
(grfext)             [.png,.pdf,.jpg,.mps,.jpeg,.jbig2,.jb2,.PNG,.PDF,.JPG,.JPE
G,.JBIG2,.JB2,.eps]
(grfext)             \AppendGraphicsExtensions on input line 452.

(/usr/share/texlive/texmf-dist/tex/latex/latexconfig/epstopdf-sys.cfg
File: epstopdf-sys.cfg 2010/07/13 v1.3 Configuration of (r)epstopdf for TeX Liv
e
))
\AtBeginShipoutBox=\box31

(/usr/share/texlive/texmf-dist/tex/latex/graphics/color.sty
Package: color 2005/11/14 v1.0j Standard LaTeX Color (DPC)

(/usr/share/texlive/texmf-dist/tex/latex/latexconfig/color.cfg
File: color.cfg 2007/01/18 v1.5 color configuration of teTeX/TeXLive
)
Package color Info: Driver file: pdftex.def on input line 130.
)
Package hyperref Info: Link coloring ON on input line 4.

(/usr/share/texlive/texmf-dist/tex/latex/hyperref/nameref.sty
Package: nameref 2010/04/30 v2.40 Cross-referencing by name of section

(/usr/share/texlive/texmf-dist/tex/generic/oberdiek/gettitlestring.sty
Package: gettitlestring 2010/12/03 v1.4 Cleanup title references (HO)
)
\c@section@level=\count119
)
LaTeX Info: Redefining \ref on input line 4.
LaTeX Info: Redefining \pageref on input line 4.
LaTeX Info: Redefining \nameref on input line 4.

(./update12112014.out) (./update12112014.out)
\@outlinefile=\write3
\openout3 = `update12112014.out'.


<Stack_Zlessthan5p5.png, id=4, 586.8324pt x 442.2924pt>
File: Stack_Zlessthan5p5.png Graphic file (type png)

<use Stack_Zlessthan5p5.png>
Package pdftex.def Info: Stack_Zlessthan5p5.png used on input line 10.
(pdftex.def)             Requested size: 199.16928pt x 150.10747pt.

<Stack_Zgreaterthan5p5.png, id=6, 604.1772pt x 377.2494pt>
File: Stack_Zgreaterthan5p5.png Graphic file (type png)

<use Stack_Zgreaterthan5p5.png>
Package pdftex.def Info: Stack_Zgreaterthan5p5.png used on input line 11.
(pdftex.def)             Requested size: 199.16928pt x 124.36029pt.
LaTeX Font Info:    Try loading font information for U+msa on input line 12.

(/usr/share/texlive/texmf-dist/tex/latex/amsfonts/umsa.fd
File: umsa.fd 2009/06/22 v3.00 AMS symbols A
)
LaTeX Font Info:    Try loading font information for U+msb on input line 12.

(/usr/share/texlive/texmf-dist/tex/latex/amsfonts/umsb.fd
File: umsb.fd 2009/06/22 v3.00 AMS symbols B
)
<Stack_Zlessthan5.png, id=7, 586.8324pt x 442.2924pt>
File: Stack_Zlessthan5.png Graphic file (type png)

<use Stack_Zlessthan5.png>
Package pdftex.def Info: Stack_Zlessthan5.png used on input line 18.
(pdftex.def)             Requested size: 199.16928pt x 150.10747pt.

<Stack_Zgreaterthan5.png, id=8, 586.8324pt x 442.2924pt>
File: Stack_Zgreaterthan5.png Graphic file (type png)

<use Stack_Zgreaterthan5.png>
Package pdftex.def Info: Stack_Zgreaterthan5.png used on input line 19.
(pdftex.def)             Requested size: 199.16928pt x 150.10747pt.

<zHist_binned.png, id=13, 586.8324pt x 442.2924pt>
File: zHist_binned.png Graphic file (type png)
 <use zHist_binned.png>
Package pdftex.def Info: zHist_binned.png used on input line 26.
(pdftex.def)             Requested size: 227.62204pt x 171.55525pt.

<zHist_unbinned.png, id=14, 586.8324pt x 442.2924pt>
File: zHist_unbinned.png Graphic file (type png)
 <use zHist_unbinned.png>
Package pdftex.def Info: zHist_unbinned.png used on input line 27.
(pdftex.def)             Requested size: 227.62204pt x 171.55525pt.


LaTeX Warning: `h' float specifier changed to `ht'.

<FvsZ.png, id=15, 586.8324pt x 442.2924pt>
File: FvsZ.png Graphic file (type png)
 <use FvsZ.png>
Package pdftex.def Info: FvsZ.png used on input line 34.
(pdftex.def)             Requested size: 227.62204pt x 171.55525pt.


LaTeX Warning: `h' float specifier changed to `ht'.

<sflux_panel1.png, id=16, 1476.4761pt x 294.1389pt>
File: sflux_panel1.png Graphic file (type png)
 <use sflux_panel1.png>
Package pdftex.def Info: sflux_panel1.png used on input line 42.
(pdftex.def)             Requested size: 512.1496pt x 102.03006pt.

<flux_panel1.png, id=17, 1486.5939pt x 326.6604pt>
File: flux_panel1.png Graphic file (type png)
 <use flux_panel1.png>
Package pdftex.def Info: flux_panel1.png used on input line 43.
(pdftex.def)             Requested size: 512.1496pt x 112.53845pt.

<sflux_panel2.png, id=18, 1486.5939pt x 326.6604pt>
File: sflux_panel2.png Graphic file (type png)
 <use sflux_panel2.png>
Package pdftex.def Info: sflux_panel2.png used on input line 44.
(pdftex.def)             Requested size: 512.1496pt x 112.53845pt.

<flux_panel2.png, id=19, 1486.5939pt x 326.6604pt>
File: flux_panel2.png Graphic file (type png)
 <use flux_panel2.png>
Package pdftex.def Info: flux_panel2.png used on input line 45.
(pdftex.def)             Requested size: 512.1496pt x 112.53845pt.

Overfull \hbox (42.39458pt too wide) in paragraph at lines 42--46
 [][] 
 []


Overfull \hbox (42.39458pt too wide) in paragraph at lines 42--46
 [] 
 []


Overfull \hbox (42.39458pt too wide) in paragraph at lines 42--46
 [] 
 []


Overfull \hbox (42.39458pt too wide) in paragraph at lines 42--46
 [] 
 []


LaTeX Warning: `h' float specifier changed to `ht'.

<sflux_panel3.png, id=20, 1489.4847pt x 326.6604pt>
File: sflux_panel3.png Graphic file (type png)
 <use sflux_panel3.png>
Package pdftex.def Info: sflux_panel3.png used on input line 52.
(pdftex.def)             Requested size: 512.1496pt x 112.31914pt.

<flux_panel3.png, id=21, 1485.8712pt x 301.3659pt>
File: flux_panel3.png Graphic file (type png)
 <use flux_panel3.png>
Package pdftex.def Info: flux_panel3.png used on input line 53.
(pdftex.def)             Requested size: 512.1496pt x 103.87477pt.

<sflux_panel4.png, id=22, 1486.5939pt x 327.3831pt>
File: sflux_panel4.png Graphic file (type png)
 <use sflux_panel4.png>
Package pdftex.def Info: sflux_panel4.png used on input line 54.
(pdftex.def)             Requested size: 512.1496pt x 112.78743pt.

<flux_panel4.png, id=23, 1469.2491pt x 301.3659pt>
File: flux_panel4.png Graphic file (type png)
 <use flux_panel4.png>
Package pdftex.def Info: flux_panel4.png used on input line 55.
(pdftex.def)             Requested size: 512.1496pt x 105.05199pt.

Overfull \hbox (42.39458pt too wide) in paragraph at lines 52--56
 [][] 
 []


Overfull \hbox (42.39458pt too wide) in paragraph at lines 52--56
 [] 
 []


Overfull \hbox (42.39458pt too wide) in paragraph at lines 52--56
 [] 
 []


Overfull \hbox (42.39458pt too wide) in paragraph at lines 52--56
 [] 
 []


LaTeX Warning: `h' float specifier changed to `ht'.

<gridPlot.png, id=24, 1734.48pt x 875.9124pt>
File: gridPlot.png Graphic file (type png)
 <use gridPlot.png>
Package pdftex.def Info: gridPlot.png used on input line 62.
(pdftex.def)             Requested size: 512.1496pt x 258.63249pt.


LaTeX Warning: `h' float specifier changed to `ht'.

<Stack_SanityCut.png, id=25, 586.8324pt x 442.2924pt>
File: Stack_SanityCut.png Graphic file (type png)

<use Stack_SanityCut.png>
Package pdftex.def Info: Stack_SanityCut.png used on input line 70.
(pdftex.def)             Requested size: 227.62204pt x 171.55525pt.

<Stack_SanityCutCorrect.png, id=26, 586.8324pt x 442.2924pt>
File: Stack_SanityCutCorrect.png Graphic file (type png)

<use Stack_SanityCutCorrect.png>
Package pdftex.def Info: Stack_SanityCutCorrect.png used on input line 71.
(pdftex.def)             Requested size: 227.62204pt x 171.55525pt.


LaTeX Warning: `h' float specifier changed to `ht'.

Package atveryend Info: Empty hook `BeforeClearDocument' on input line 78.
[1

{/var/lib/texmf/fonts/map/pdftex/updmap/pdftex.map} <./Stack_Zlessthan5p5.png> 
<./Stack_Zgreaterthan5p5.png> <./Stack_Zlessthan5.png> <./Stack_Zgreaterthan5.p
ng>] [2 <./zHist_binned.png> <./zHist_unbinned.png> <./FvsZ.png>] [3 <./sflux_p
anel1.png> <./flux_panel1.png> <./sflux_panel2.png> <./flux_panel2.png>]
[4 <./sflux_panel3.png> <./flux_panel3.png> <./sflux_panel4.png> <./flux_panel4
.png>] [5 <./gridPlot.png> <./Stack_SanityCut.png> <./Stack_SanityCutCorrect.pn
g>]
Package atveryend Info: Empty hook `AfterLastShipout' on input line 78.
 (./update12112014.aux)
Package atveryend Info: Executing hook `AtVeryEndDocument' on input line 78.
Package atveryend Info: Executing hook `AtEndAfterFileList' on input line 78.
Package rerunfilecheck Info: File `update12112014.out' has not changed.
(rerunfilecheck)             Checksum: D41D8CD98F00B204E9800998ECF8427E;0.


LaTeX Warning: There were multiply-defined labels.

Package atveryend Info: Empty hook `AtVeryVeryEnd' on input line 78.
 ) 
Here is how much of TeX's memory you used:
 6787 strings out of 495059
 98210 string characters out of 3182030
 180499 words of memory out of 3000000
 9848 multiletter control sequences out of 15000+200000
 8893 words of font info for 34 fonts, out of 3000000 for 9000
 14 hyphenation exceptions out of 8191
 36i,8n,35p,586b,325s stack positions out of 5000i,500n,10000p,200000b,50000s
</usr/share/texlive/texmf-dist/fonts/type1/public/amsfonts/cm/cmbx12.pfb></us
r/share/texlive/texmf-dist/fonts/type1/public/amsfonts/cm/cmmi10.pfb></usr/shar
e/texlive/texmf-dist/fonts/type1/public/amsfonts/cm/cmmi8.pfb></usr/share/texli
ve/texmf-dist/fonts/type1/public/amsfonts/cm/cmr10.pfb></usr/share/texlive/texm
f-dist/fonts/type1/public/amsfonts/cm/cmr8.pfb></usr/share/texlive/texmf-dist/f
onts/type1/public/amsfonts/cm/cmsy10.pfb></usr/share/texlive/texmf-dist/fonts/t
ype1/public/amsfonts/cm/cmsy8.pfb>
Output written on update12112014.pdf (5 pages, 1645687 bytes).
PDF statistics:
 110 PDF objects out of 1000 (max. 8388607)
 57 compressed objects within 1 object stream
 15 named destinations out of 1000 (max. 500000)
 91 words of extra memory for PDF output out of 10000 (max. 10000000)

